生成启动时间为 2017-05-06 01:21:06。
     1>项目“D:\粤嵌\3.全日制\QT\参考项目\人事管理系统\人事管理系统\zhaoliang.vcxproj”在节点 2 上(build 个目标)。
     1>InitializeBuildStatus:
         正在创建“.\Debug\zhaoliang.unsuccessfulbuild”，因为已指定“AlwaysCreate”。
       ClCompile:
         所有输出均为最新。
         所有输出均为最新。
       ResourceCompile:
         所有输出均为最新。
       ManifestResourceCompile:
         所有输出均为最新。
       Link:
         所有输出均为最新。
       Manifest:
         所有输出均为最新。
         所有输出均为最新。
       FinalizeBuildStatus:
         正在删除文件“.\Debug\zhaoliang.unsuccessfulbuild”。
         正在对“.\Debug\zhaoliang.lastbuildstate”执行 Touch 任务。
     1>已完成生成项目“D:\粤嵌\3.全日制\QT\参考项目\人事管理系统\人事管理系统\zhaoliang.vcxproj”(build 个目标)的操作。

生成成功。

已用时间 00:00:00.05
